<?xml version="1.0" encoding="UTF-8"?>
<testng-results skipped="0" failed="0" total="1" passed="1">
  <reporter-output>
  </reporter-output>
  <suite name="Suite" duration-ms="29" started-at="2021-04-22T15:24:55Z" finished-at="2021-04-22T15:24:55Z">
    <groups>
    </groups>
    <test name="Test" duration-ms="29" started-at="2021-04-22T15:24:55Z" finished-at="2021-04-22T15:24:55Z">
      <class name="AutomationDemo.MavenJavaDemo.JavaDemo2">
        <test-method status="PASS" signature="welcome()[pri:0, instance:AutomationDemo.MavenJavaDemo.JavaDemo2@7946e1f4]" name="welcome" duration-ms="9" started-at="2021-04-22T20:54:55Z" finished-at="2021-04-22T20:54:55Z">
          <reporter-output>
          </reporter-output>
        </test-method> <!-- welcome -->
      </class> <!-- AutomationDemo.MavenJavaDemo.JavaDemo2 -->
    </test> <!-- Test -->
  </suite> <!-- Suite -->
</testng-results>
